c:\users\media\documents\github\lightcontroller\light controller\release\vc140.pdb
c:\users\media\documents\github\lightcontroller\light controller\release\windowmanager.obj
c:\users\media\documents\github\lightcontroller\light controller\release\spectrum.obj
c:\users\media\documents\github\lightcontroller\light controller\release\source.obj
c:\users\media\documents\github\lightcontroller\light controller\release\serialport.obj
c:\users\media\documents\github\lightcontroller\light controller\release\lightstrip.obj
c:\users\media\documents\github\lightcontroller\light controller\release\stripmodes.obj
c:\users\media\documents\github\lightcontroller\light controller\release\soundtocolor.obj
c:\users\media\documents\github\lightcontroller\light controller\release\recordingdevice.obj
c:\users\media\documents\github\lightcontroller\light controller\release\ledmatrix.obj
c:\users\media\documents\github\lightcontroller\light controller\release\drawables.obj
c:\users\media\documents\github\lightcontroller\light controller\release\drawable.obj
c:\users\media\documents\github\lightcontroller\light controller\release\color.obj
c:\users\media\documents\github\lightcontroller\light controller\release\bargraph.obj
c:\users\media\documents\github\lightcontroller\light controller\release\kiss_fft.obj
c:\users\media\documents\github\lightcontroller\light controller\release\displayeffect.obj
c:\users\media\documents\github\lightcontroller\release\light controller.exe
c:\users\media\documents\github\lightcontroller\release\light controller.ipdb
c:\users\media\documents\github\lightcontroller\release\light controller.iobj
c:\users\media\documents\github\lightcontroller\release\light controller.pdb
c:\users\media\documents\github\lightcontroller\light controller\release\light controller.tlog\cl.command.1.tlog
c:\users\media\documents\github\lightcontroller\light controller\release\light controller.tlog\cl.read.1.tlog
c:\users\media\documents\github\lightcontroller\light controller\release\light controller.tlog\cl.write.1.tlog
c:\users\media\documents\github\lightcontroller\light controller\release\light controller.tlog\link.command.1.tlog
c:\users\media\documents\github\lightcontroller\light controller\release\light controller.tlog\link.read.1.tlog
c:\users\media\documents\github\lightcontroller\light controller\release\light controller.tlog\link.write.1.tlog
