Build started 5/15/2016 12:48:11 AM.
     1>Project "C:\Users\Ercle\Documents\Projects\LightController\Light Controller\Light Controller.vcxproj" on node 2 (Build target(s)).
     1>ClCompile:
         C:\Program Files (x86)\Microsoft Visual Studio 14.0\VC\bin\CL.exe /c /I"C:\users\Ercle\Documents\Projects\LightController\Light Controller\kiss_fft130" /Zi /nologo /W3 /WX- /O2 /Oi /Oy- /GL /Gm- /EHsc /MD /GS /Gy /fp:precise /Zc:wchar_t /Zc:forScope /Zc:inline /Fo"Release\\" /Fd"Release\vc140.pdb" /Gd /TP /analyze- /errorReport:prompt Source.cpp
         Source.cpp
         Please define _WIN32_WINNT or _WIN32_WINDOWS appropriately. For example:
         - add -D_WIN32_WINNT=0x0501 to the compiler command line; or
         - add _WIN32_WINNT=0x0501 to your project's Preprocessor Definitions.
         Assuming _WIN32_WINNT=0x0501 (i.e. Windows XP target).
     1>c:\users\ercle\documents\projects\lightcontroller\light controller\Spectrum.h(37): warning C4244: 'initializing': conversion from 'double' to 'const int', possible loss of data
     1>c:\users\ercle\documents\projects\lightcontroller\light controller\Spectrum.h(37): warning C4244: 'initializing': conversion from 'double' to 'int', possible loss of data
     1>Source.cpp(84): warning C4305: 'argument': truncation from 'double' to 'float'
     1>Source.cpp(114): warning C4244: '=': conversion from 'double' to 'float', possible loss of data
     1>Source.cpp(64): warning C4101: 'timerFrequency': unreferenced local variable
     1>Source.cpp(62): warning C4101: 'comPort': unreferenced local variable
     1>Source.cpp(102): warning C4101: 'receiveByte': unreferenced local variable
       Link:
         C:\Program Files (x86)\Microsoft Visual Studio 14.0\VC\bin\link.exe /ERRORREPORT:PROMPT /OUT:"C:\Users\Ercle\Documents\Projects\LightController\Release\Light Controller.exe" /NOLOGO /LIBPATH:"C:\Program Files\boost\boost_1_60_0\stage\lib" kernel32.lib user32.lib gdi32.lib winspool.lib comdlg32.lib advapi32.lib shell32.lib ole32.lib oleaut32.lib uuid.lib odbc32.lib odbccp32.lib /MANIFEST /MANIFESTUAC:"level='asInvoker' uiAccess='false'" /manifest:embed /Debug /PDB:"C:\Users\Ercle\Documents\Projects\LightController\Release\Light Controller.pdb" /OPT:REF /OPT:ICF /LTCG:incremental /TLBID:1 /DYNAMICBASE /NXCOMPAT /IMPLIB:"C:\Users\Ercle\Documents\Projects\LightController\Release\Light Controller.lib" /MACHINE:X86 /SAFESEH Release\BarGraph.obj
         Release\Color.obj
         Release\Drawable.obj
         Release\Drawables.obj
         Release\kiss_fft.obj
         Release\RecordingDevice.obj
         Release\SoundToColor.obj
         Release\StripModes.obj
         Release\LightStrip.obj
         Release\SerialPort.obj
         Release\Source.obj
         Release\Spectrum.obj
         Release\WindowManager.obj
         Generating code
         1 of 1748 functions ( 0.1%) were compiled, the rest were copied from previous compilation.
           0 functions were new in current compilation
           0 functions had inline decision re-evaluated but remain unchanged
         Finished generating code
         Light Controller.vcxproj -> C:\Users\Ercle\Documents\Projects\LightController\Release\Light Controller.exe
     1>Done Building Project "C:\Users\Ercle\Documents\Projects\LightController\Light Controller\Light Controller.vcxproj" (Build target(s)).

Build succeeded.

Time Elapsed 00:00:01.99
